<?xml version="1.0" encoding="UTF-8"?>
<!-- Generated by org.testng.reporters.JUnitReportReporter -->
<testsuite skipped="0" hostname="LAPTOP-1A24TMUN" name="testcases.TestCase1" tests="3" failures="0" timestamp="2020-10-11T00:51:39 EDT" time="0.010" errors="0">
  <testcase name="doUserReg" time="0.006" classname="testcases.TestCase1"/>
  <system-out/>
  <testcase name="doLogin" time="0.002" classname="testcases.TestCase1"/>
  <system-out/>
  <testcase name="checkPage" time="0.002" classname="testcases.TestCase1"/>
  <system-out/>
</testsuite> <!-- testcases.TestCase1 -->
